<?xml version="1.0" encoding="UTF-8"?>
<testsuite xmlns:xsi="http://www.w3.org/2001/XMLSchema-instance" xsi:noNamespaceSchemaLocation="https://maven.apache.org/surefire/maven-surefire-plugin/xsd/surefire-test-report-3.0.xsd" version="3.0" name="com.example.demo.AlzhAppLorenaCruzApplicationTests" time="39.305" tests="1" errors="0" skipped="0" failures="0">
  <properties>
[...]
</properties>
  <testcase name="contextLoads" classname="com.example.demo.AlzhAppLorenaCruzApplicationTests" time="0.377">
    <system-out><![CDATA[00:40:10.482 [main] INFO org.springframework.test.context.support.AnnotationConfigContextLoaderUtils -- Could not detect default configuration classes for test class [com.example.demo.AlzhAppLorenaCruzApplicationTests]: AlzhAppLorenaCruzApplicationTests does not declare any static, non-private, non-final, nested classes annotated with @Configuration.
00:40:10.592 [main] INFO org.springframework.boot.test.context.SpringBootTestContextBootstrapper -- Found @SpringBootConfiguration com.example.demo.AlzhAppLorenaCruzApplication for test class com.example.demo.AlzhAppLorenaCruzApplicationTests
00:40:10.762 [main] INFO org.springframework.boot.devtools.restart.RestartApplicationListener -- Restart disabled due to context in which it is running
  .   ____          _            __ _ _
 /\\ / ___'_ __ _ _(_)_ __  __ _ \ \ \ \
( ( )\___ | '_ | '_| | '_ \/ _` | \ \ \ \
 \\/  ___)| |_)| | | | | || (_| |  ) ) ) )
  '  |____| .__|_| |_|_| |_\__, | / / / /
 =========|_|==============|___/=/_/_/_/

 :: Spring Boot ::                (v3.3.0)

2024-05-31T00:40:10.955+02:00  WARN 22124 --- [           main] ory$DuplicateJsonObjectContextCustomizer : 

Found multiple occurrences of org.json.JSONObject on the class path:

	jar:file:/C:/Users/Lorena/.m2/repository/com/vaadin/external/google/android-json/0.0.20131108.vaadin1/android-json-0.0.20131108.vaadin1.jar!/org/json/JSONObject.class
	jar:file:/C:/Users/Lorena/.m2/repository/org/json/json/20160810/json-20160810.jar!/org/json/JSONObject.class

You may wish to exclude one of them to ensure predictable runtime behavior

2024-05-31T00:40:10.970+02:00  INFO 22124 --- [           main] c.e.d.AlzhAppLorenaCruzApplicationTests  : Starting AlzhAppLorenaCruzApplicationTests using Java 21 with PID 22124 (started by Lorena in C:\Users\Lorena\Documents\GitHub\AlzhApp\AlzhAppLorenaCruz)
2024-05-31T00:40:10.971+02:00  INFO 22124 --- [           main] c.e.d.AlzhAppLorenaCruzApplicationTests  : No active profile set, falling back to 1 default profile: "default"
2024-05-31T00:40:11.687+02:00  INFO 22124 --- [           main] .s.d.r.c.RepositoryConfigurationDelegate : Bootstrapping Spring Data JPA repositories in DEFAULT mode.
2024-05-31T00:40:11.853+02:00  INFO 22124 --- [           main] .s.d.r.c.RepositoryConfigurationDelegate : Finished Spring Data repository scanning in 158 ms. Found 6 JPA repository interfaces.
2024-05-31T00:40:12.215+02:00  WARN 22124 --- [           main] trationDelegate$BeanPostProcessorChecker : Bean 'org.springframework.ws.config.annotation.DelegatingWsConfiguration' of type [org.springframework.ws.config.annotation.DelegatingWsConfiguration$$SpringCGLIB$$0] is not eligible for getting processed by all BeanPostProcessors (for example: not eligible for auto-proxying). The currently created BeanPostProcessor [annotationActionEndpointMapping] is declared through a non-static factory method on that class; consider declaring it as static instead.
2024-05-31T00:40:12.275+02:00  INFO 22124 --- [           main] .w.s.a.s.AnnotationActionEndpointMapping : Supporting [WS-Addressing August 2004, WS-Addressing 1.0]
2024-05-31T00:40:12.461+02:00  INFO 22124 --- [           main] o.hibernate.jpa.internal.util.LogHelper  : HHH000204: Processing PersistenceUnitInfo [name: default]
2024-05-31T00:40:12.560+02:00  INFO 22124 --- [           main] org.hibernate.Version                    : HHH000412: Hibernate ORM core version 6.5.2.Final
2024-05-31T00:40:12.601+02:00  INFO 22124 --- [           main] o.h.c.internal.RegionFactoryInitiator    : HHH000026: Second-level cache disabled
2024-05-31T00:40:12.921+02:00  INFO 22124 --- [           main] o.s.o.j.p.SpringPersistenceUnitInfo      : No LoadTimeWeaver setup: ignoring JPA class transformer
2024-05-31T00:40:12.948+02:00  INFO 22124 --- [           main] com.zaxxer.hikari.HikariDataSource       : HikariPool-1 - Starting...
2024-05-31T00:40:15.879+02:00  INFO 22124 --- [           main] com.zaxxer.hikari.pool.HikariPool        : HikariPool-1 - Added connection com.mysql.cj.jdbc.ConnectionImpl@3dfc59c5
2024-05-31T00:40:15.881+02:00  INFO 22124 --- [           main] com.zaxxer.hikari.HikariDataSource       : HikariPool-1 - Start completed.
2024-05-31T00:40:17.376+02:00  INFO 22124 --- [           main] o.h.e.t.j.p.i.JtaPlatformInitiator       : HHH000489: No JTA platform available (set 'hibernate.transaction.jta.platform' to enable JTA platform integration)
2024-05-31T00:40:47.345+02:00  INFO 22124 --- [           main] j.LocalContainerEntityManagerFactoryBean : Initialized JPA EntityManagerFactory for persistence unit 'default'
2024-05-31T00:40:47.881+02:00  WARN 22124 --- [           main] JpaBaseConfiguration$JpaWebConfiguration : spring.jpa.open-in-view is enabled by default. Therefore, database queries may be performed during view rendering. Explicitly configure spring.jpa.open-in-view to disable this warning
2024-05-31T00:40:48.764+02:00  INFO 22124 --- [           main] o.s.s.web.DefaultSecurityFilterChain     : Will secure any request with [org.springframework.security.web.session.DisableEncodeUrlFilter@3446ab40, org.springframework.security.web.context.request.async.WebAsyncManagerIntegrationFilter@500d4de8, org.springframework.security.web.context.SecurityContextHolderFilter@50e7d8ba, org.springframework.security.web.header.HeaderWriterFilter@57e9cd2, org.springframework.web.filter.CorsFilter@43851574, org.springframework.security.web.authentication.logout.LogoutFilter@502f6f6a, com.example.demo.security.JWTAuthorizationFilter@344eaf7e, org.springframework.security.web.savedrequest.RequestCacheAwareFilter@4548bfc7, org.springframework.security.web.servletapi.SecurityContextHolderAwareRequestFilter@564e0a6c, org.springframework.security.web.authentication.AnonymousAuthenticationFilter@35d31e1c, org.springframework.security.web.access.ExceptionTranslationFilter@13617139, org.springframework.security.web.access.intercept.FilterSecurityInterceptor@609f136b]
2024-05-31T00:40:49.241+02:00  INFO 22124 --- [           main] c.e.d.AlzhAppLorenaCruzApplicationTests  : Started AlzhAppLorenaCruzApplicationTests in 38.494 seconds (process running for 39.326)
]]></system-out>
    <system-err><![CDATA[WARNING: A Java agent has been loaded dynamically (C:\Users\Lorena\.m2\repository\net\bytebuddy\byte-buddy-agent\1.14.16\byte-buddy-agent-1.14.16.jar)
WARNING: If a serviceability tool is in use, please run with -XX:+EnableDynamicAgentLoading to hide this warning
WARNING: If a serviceability tool is not in use, please run with -Djdk.instrument.traceUsage for more information
WARNING: Dynamic loading of agents will be disallowed by default in a future release
]]></system-err>
  </testcase>
</testsuite>